# JRE version: OpenJDK Runtime Environment (8.0_202-b03) (build 1.8.0_202-release-1483-b03)
# Java VM: OpenJDK 64-Bit Server VM (25.202-b03 mixed mode windows-amd64 compressed oops)
Heap:
 PSYoungGen      total 382976K, used 85292K [0x00000000e0000000, 0x0000000100000000, 0x0000000100000000)
  eden space 280576K, 0% used [0x00000000e0000000,0x00000000e0000000,0x00000000f1200000)
  from space 102400K, 83% used [0x00000000f9c00000,0x00000000fef4b3a8,0x0000000100000000)
  to   space 121856K, 0% used [0x00000000f1200000,0x00000000f1200000,0x00000000f8900000)
 ParOldGen       total 293888K, used 57124K [0x00000000a0000000, 0x00000000b1f00000, 0x00000000e0000000)
  object space 293888K, 19% used [0x00000000a0000000,0x00000000a37c9178,0x00000000b1f00000)
 Metaspace       used 138855K, capacity 145986K, committed 146072K, reserved 1179648K
  class space    used 17685K, capacity 19049K, committed 19112K, reserved 1048576K
GC Heap History (10 events):
Event: 2121.242 GC heap after
Heap after GC invocations=34 (full 4):
 PSYoungGen      total 392192K, used 59415K [0x00000000e0000000, 0x00000000fe480000, 0x0000000100000000)
  eden space 305664K, 0% used [0x00000000e0000000,0x00000000e0000000,0x00000000f2a80000)
  from space 86528K, 68% used [0x00000000f8300000,0x00000000fbd05e40,0x00000000fd780000)
  to   space 90624K, 0% used [0x00000000f2a80000,0x00000000f2a80000,0x00000000f8300000)
 ParOldGen       total 293888K, used 57092K [0x00000000a0000000, 0x00000000b1f00000, 0x00000000e0000000)
  object space 293888K, 19% used [0x00000000a0000000,0x00000000a37c1178,0x00000000b1f00000)
 Metaspace       used 124741K, capacity 130904K, committed 131096K, reserved 1163264K
  class space    used 15861K, capacity 17078K, committed 17192K, reserved 1048576K
}
Event: 2141.433 GC heap before
{Heap before GC invocations=35 (full 4):
 PSYoungGen      total 392192K, used 365079K [0x00000000e0000000, 0x00000000fe480000, 0x0000000100000000)
  eden space 305664K, 100% used [0x00000000e0000000,0x00000000f2a80000,0x00000000f2a80000)
  from space 86528K, 68% used [0x00000000f8300000,0x00000000fbd05e40,0x00000000fd780000)
  to   space 90624K, 0% used [0x00000000f2a80000,0x00000000f2a80000,0x00000000f8300000)
 ParOldGen       total 293888K, used 57092K [0x00000000a0000000, 0x00000000b1f00000, 0x00000000e0000000)
  object space 293888K, 19% used [0x00000000a0000000,0x00000000a37c1178,0x00000000b1f00000)
 Metaspace       used 128526K, capacity 134798K, committed 134936K, reserved 1167360K
  class space    used 16350K, capacity 17613K, committed 17704K, reserved 1048576K
Event: 2141.520 GC heap after
Heap after GC invocations=35 (full 4):
 PSYoungGen      total 396288K, used 63494K [0x00000000e0000000, 0x0000000100000000, 0x0000000100000000)
  eden space 305664K, 0% used [0x00000000e0000000,0x00000000e0000000,0x00000000f2a80000)
  from space 90624K, 70% used [0x00000000f2a80000,0x00000000f6881980,0x00000000f8300000)
  to   space 95744K, 0% used [0x00000000fa280000,0x00000000fa280000,0x0000000100000000)
 ParOldGen       total 293888K, used 57100K [0x00000000a0000000, 0x00000000b1f00000, 0x00000000e0000000)
  object space 293888K, 19% used [0x00000000a0000000,0x00000000a37c3178,0x00000000b1f00000)
 Metaspace       used 128526K, capacity 134798K, committed 134936K, reserved 1167360K
  class space    used 16350K, capacity 17613K, committed 17704K, reserved 1048576K
}
Event: 2144.986 GC heap before
{Heap before GC invocations=36 (full 4):
 PSYoungGen      total 396288K, used 369158K [0x00000000e0000000, 0x0000000100000000, 0x0000000100000000)
  eden space 305664K, 100% used [0x00000000e0000000,0x00000000f2a80000,0x00000000f2a80000)
  from space 90624K, 70% used [0x00000000f2a80000,0x00000000f6881980,0x00000000f8300000)
  to   space 95744K, 0% used [0x00000000fa280000,0x00000000fa280000,0x0000000100000000)
 ParOldGen       total 293888K, used 57100K [0x00000000a0000000, 0x00000000b1f00000, 0x00000000e0000000)
  object space 293888K, 19% used [0x00000000a0000000,0x00000000a37c3178,0x00000000b1f00000)
 Metaspace       used 129786K, capacity 136164K, committed 136344K, reserved 1167360K
  class space    used 16454K, capacity 17718K, committed 17832K, reserved 1048576K
Event: 2145.104 GC heap after
Heap after GC invocations=36 (full 4):
 PSYoungGen      total 421376K, used 64073K [0x00000000e0000000, 0x0000000100000000, 0x0000000100000000)
  eden space 325632K, 0% used [0x00000000e0000000,0x00000000e0000000,0x00000000f3e00000)
  from space 95744K, 66% used [0x00000000fa280000,0x00000000fe112590,0x0000000100000000)
  to   space 99328K, 0% used [0x00000000f3e00000,0x00000000f3e00000,0x00000000f9f00000)
 ParOldGen       total 293888K, used 57108K [0x00000000a0000000, 0x00000000b1f00000, 0x00000000e0000000)
  object space 293888K, 19% used [0x00000000a0000000,0x00000000a37c5178,0x00000000b1f00000)
 Metaspace       used 129786K, capacity 136164K, committed 136344K, reserved 1167360K
  class space    used 16454K, capacity 17718K, committed 17832K, reserved 1048576K
}
Event: 2148.074 GC heap before
{Heap before GC invocations=37 (full 4):
 PSYoungGen      total 421376K, used 389705K [0x00000000e0000000, 0x0000000100000000, 0x0000000100000000)
  eden space 325632K, 100% used [0x00000000e0000000,0x00000000f3e00000,0x00000000f3e00000)
  from space 95744K, 66% used [0x00000000fa280000,0x00000000fe112590,0x0000000100000000)
  to   space 99328K, 0% used [0x00000000f3e00000,0x00000000f3e00000,0x00000000f9f00000)
 ParOldGen       total 293888K, used 57108K [0x00000000a0000000, 0x00000000b1f00000, 0x00000000e0000000)
  object space 293888K, 19% used [0x00000000a0000000,0x00000000a37c5178,0x00000000b1f00000)
 Metaspace       used 138517K, capacity 145684K, committed 145816K, reserved 1175552K
  class space    used 17680K, capacity 19044K, committed 19112K, reserved 1048576K
Event: 2148.183 GC heap after
Heap after GC invocations=37 (full 4):
 PSYoungGen      total 421888K, used 96198K [0x00000000e0000000, 0x0000000100000000, 0x0000000100000000)
  eden space 325632K, 0% used [0x00000000e0000000,0x00000000e0000000,0x00000000f3e00000)
  from space 96256K, 99% used [0x00000000f3e00000,0x00000000f9bf1930,0x00000000f9c00000)
  to   space 102400K, 0% used [0x00000000f9c00000,0x00000000f9c00000,0x0000000100000000)
 ParOldGen       total 293888K, used 57116K [0x00000000a0000000, 0x00000000b1f00000, 0x00000000e0000000)
  object space 293888K, 19% used [0x00000000a0000000,0x00000000a37c7178,0x00000000b1f00000)
 Metaspace       used 138517K, capacity 145684K, committed 145816K, reserved 1175552K
  class space    used 17680K, capacity 19044K, committed 19112K, reserved 1048576K
}
Event: 2148.777 GC heap before
{Heap before GC invocations=38 (full 4):
 PSYoungGen      total 421888K, used 241884K [0x00000000e0000000, 0x0000000100000000, 0x0000000100000000)
  eden space 325632K, 44% used [0x00000000e0000000,0x00000000e8e456d8,0x00000000f3e00000)
  from space 96256K, 99% used [0x00000000f3e00000,0x00000000f9bf1930,0x00000000f9c00000)
  to   space 102400K, 0% used [0x00000000f9c00000,0x00000000f9c00000,0x0000000100000000)
 ParOldGen       total 293888K, used 57116K [0x00000000a0000000, 0x00000000b1f00000, 0x00000000e0000000)
  object space 293888K, 19% used [0x00000000a0000000,0x00000000a37c7178,0x00000000b1f00000)
 Metaspace       used 138855K, capacity 145986K, committed 146072K, reserved 1179648K
  class space    used 17685K, capacity 19049K, committed 19112K, reserved 1048576K
Event: 2148.855 GC heap after
Heap after GC invocations=38 (full 4):
 PSYoungGen      total 382976K, used 85292K [0x00000000e0000000, 0x0000000100000000, 0x0000000100000000)
  eden space 280576K, 0% used [0x00000000e0000000,0x00000000e0000000,0x00000000f1200000)
  from space 102400K, 83% used [0x00000000f9c00000,0x00000000fef4b3a8,0x0000000100000000)
  to   space 121856K, 0% used [0x00000000f1200000,0x00000000f1200000,0x00000000f8900000)
 ParOldGen       total 293888K, used 57124K [0x00000000a0000000, 0x00000000b1f00000, 0x00000000e0000000)
  object space 293888K, 19% used [0x00000000a0000000,0x00000000a37c9178,0x00000000b1f00000)
 Metaspace       used 138855K, capacity 145986K, committed 146072K, reserved 1179648K
  class space    used 17685K, capacity 19049K, committed 19112K, reserved 1048576K
}
Event: 2148.855 GC heap before
{Heap before GC invocations=39 (full 5):
 PSYoungGen      total 382976K, used 85292K [0x00000000e0000000, 0x0000000100000000, 0x0000000100000000)
  eden space 280576K, 0% used [0x00000000e0000000,0x00000000e0000000,0x00000000f1200000)
  from space 102400K, 83% used [0x00000000f9c00000,0x00000000fef4b3a8,0x0000000100000000)
  to   space 121856K, 0% used [0x00000000f1200000,0x00000000f1200000,0x00000000f8900000)
 ParOldGen       total 293888K, used 57124K [0x00000000a0000000, 0x00000000b1f00000, 0x00000000e0000000)
  object space 293888K, 19% used [0x00000000a0000000,0x00000000a37c9178,0x00000000b1f00000)
 Metaspace       used 138855K, capacity 145986K, committed 146072K, reserved 1179648K
  class space    used 17685K, capacity 19049K, committed 19112K, reserved 1048576K

