# JRE version: OpenJDK Runtime Environment (8.0_202-b03) (build 1.8.0_202-release-1483-b03)
# Java VM: OpenJDK 64-Bit Server VM (25.202-b03 mixed mode windows-amd64 compressed oops)
Heap:
 PSYoungGen      total 204800K, used 125378K [0x00000000e0000000, 0x00000000f1580000, 0x0000000100000000)
  eden space 196608K, 63% used [0x00000000e0000000,0x00000000e7a70ae8,0x00000000ec000000)
  from space 8192K, 0% used [0x00000000ec000000,0x00000000ec000000,0x00000000ec800000)
  to   space 16896K, 0% used [0x00000000f0500000,0x00000000f0500000,0x00000000f1580000)
 ParOldGen       total 119296K, used 20365K [0x00000000a0000000, 0x00000000a7480000, 0x00000000e0000000)
  object space 119296K, 17% used [0x00000000a0000000,0x00000000a13e3520,0x00000000a7480000)
 Metaspace       used 45460K, capacity 46424K, committed 46680K, reserved 1089536K
  class space    used 6141K, capacity 6439K, committed 6528K, reserved 1048576K
GC Heap History (10 events):
Event: 19.193 GC heap before
{Heap before GC invocations=3 (full 0):
 PSYoungGen      total 106496K, used 89740K [0x00000000e0000000, 0x00000000e7000000, 0x0000000100000000)
  eden space 98304K, 83% used [0x00000000e0000000,0x00000000e505b570,0x00000000e6000000)
  from space 8192K, 91% used [0x00000000e6800000,0x00000000e6f47c60,0x00000000e7000000)
  to   space 8192K, 0% used [0x00000000e6000000,0x00000000e6000000,0x00000000e6800000)
 ParOldGen       total 131072K, used 24K [0x00000000a0000000, 0x00000000a8000000, 0x00000000e0000000)
  object space 131072K, 0% used [0x00000000a0000000,0x00000000a0006000,0x00000000a8000000)
 Metaspace       used 20745K, capacity 21124K, committed 21248K, reserved 1067008K
  class space    used 2923K, capacity 3066K, committed 3072K, reserved 1048576K
Event: 19.210 GC heap after
Heap after GC invocations=3 (full 0):
 PSYoungGen      total 106496K, used 8180K [0x00000000e0000000, 0x00000000ed000000, 0x0000000100000000)
  eden space 98304K, 0% used [0x00000000e0000000,0x00000000e0000000,0x00000000e6000000)
  from space 8192K, 99% used [0x00000000e6000000,0x00000000e67fd340,0x00000000e6800000)
  to   space 8192K, 0% used [0x00000000ec800000,0x00000000ec800000,0x00000000ed000000)
 ParOldGen       total 131072K, used 5651K [0x00000000a0000000, 0x00000000a8000000, 0x00000000e0000000)
  object space 131072K, 4% used [0x00000000a0000000,0x00000000a0584e78,0x00000000a8000000)
 Metaspace       used 20745K, capacity 21124K, committed 21248K, reserved 1067008K
  class space    used 2923K, capacity 3066K, committed 3072K, reserved 1048576K
}
Event: 19.210 GC heap before
{Heap before GC invocations=4 (full 1):
 PSYoungGen      total 106496K, used 8180K [0x00000000e0000000, 0x00000000ed000000, 0x0000000100000000)
  eden space 98304K, 0% used [0x00000000e0000000,0x00000000e0000000,0x00000000e6000000)
  from space 8192K, 99% used [0x00000000e6000000,0x00000000e67fd340,0x00000000e6800000)
  to   space 8192K, 0% used [0x00000000ec800000,0x00000000ec800000,0x00000000ed000000)
 ParOldGen       total 131072K, used 5651K [0x00000000a0000000, 0x00000000a8000000, 0x00000000e0000000)
  object space 131072K, 4% used [0x00000000a0000000,0x00000000a0584e78,0x00000000a8000000)
 Metaspace       used 20745K, capacity 21124K, committed 21248K, reserved 1067008K
  class space    used 2923K, capacity 3066K, committed 3072K, reserved 1048576K
Event: 19.319 GC heap after
Heap after GC invocations=4 (full 1):
 PSYoungGen      total 106496K, used 0K [0x00000000e0000000, 0x00000000ed000000, 0x0000000100000000)
  eden space 98304K, 0% used [0x00000000e0000000,0x00000000e0000000,0x00000000e6000000)
  from space 8192K, 0% used [0x00000000e6000000,0x00000000e6000000,0x00000000e6800000)
  to   space 8192K, 0% used [0x00000000ec800000,0x00000000ec800000,0x00000000ed000000)
 ParOldGen       total 83968K, used 13338K [0x00000000a0000000, 0x00000000a5200000, 0x00000000e0000000)
  object space 83968K, 15% used [0x00000000a0000000,0x00000000a0d06bf0,0x00000000a5200000)
 Metaspace       used 20745K, capacity 21124K, committed 21248K, reserved 1067008K
  class space    used 2923K, capacity 3066K, committed 3072K, reserved 1048576K
}
Event: 28.731 GC heap before
{Heap before GC invocations=5 (full 1):
 PSYoungGen      total 106496K, used 98304K [0x00000000e0000000, 0x00000000ed000000, 0x0000000100000000)
  eden space 98304K, 100% used [0x00000000e0000000,0x00000000e6000000,0x00000000e6000000)
  from space 8192K, 0% used [0x00000000e6000000,0x00000000e6000000,0x00000000e6800000)
  to   space 8192K, 0% used [0x00000000ec800000,0x00000000ec800000,0x00000000ed000000)
 ParOldGen       total 83968K, used 13338K [0x00000000a0000000, 0x00000000a5200000, 0x00000000e0000000)
  object space 83968K, 15% used [0x00000000a0000000,0x00000000a0d06bf0,0x00000000a5200000)
 Metaspace       used 30024K, capacity 30556K, committed 30976K, reserved 1075200K
  class space    used 4086K, capacity 4279K, committed 4352K, reserved 1048576K
Event: 28.745 GC heap after
Heap after GC invocations=5 (full 1):
 PSYoungGen      total 167936K, used 8167K [0x00000000e0000000, 0x00000000ed000000, 0x0000000100000000)
  eden space 159744K, 0% used [0x00000000e0000000,0x00000000e0000000,0x00000000e9c00000)
  from space 8192K, 99% used [0x00000000ec800000,0x00000000ecff9f58,0x00000000ed000000)
  to   space 8192K, 0% used [0x00000000ec000000,0x00000000ec000000,0x00000000ec800000)
 ParOldGen       total 83968K, used 15261K [0x00000000a0000000, 0x00000000a5200000, 0x00000000e0000000)
  object space 83968K, 18% used [0x00000000a0000000,0x00000000a0ee76e0,0x00000000a5200000)
 Metaspace       used 30024K, capacity 30556K, committed 30976K, reserved 1075200K
  class space    used 4086K, capacity 4279K, committed 4352K, reserved 1048576K
}
Event: 42.940 GC heap before
{Heap before GC invocations=6 (full 1):
 PSYoungGen      total 167936K, used 101705K [0x00000000e0000000, 0x00000000ed000000, 0x0000000100000000)
  eden space 159744K, 58% used [0x00000000e0000000,0x00000000e5b58640,0x00000000e9c00000)
  from space 8192K, 99% used [0x00000000ec800000,0x00000000ecff9f58,0x00000000ed000000)
  to   space 8192K, 0% used [0x00000000ec000000,0x00000000ec000000,0x00000000ec800000)
 ParOldGen       total 83968K, used 15261K [0x00000000a0000000, 0x00000000a5200000, 0x00000000e0000000)
  object space 83968K, 18% used [0x00000000a0000000,0x00000000a0ee76e0,0x00000000a5200000)
 Metaspace       used 34486K, capacity 35220K, committed 35416K, reserved 1079296K
  class space    used 4752K, capacity 4969K, committed 4992K, reserved 1048576K
Event: 42.961 GC heap after
Heap after GC invocations=6 (full 1):
 PSYoungGen      total 204800K, used 8192K [0x00000000e0000000, 0x00000000f1580000, 0x0000000100000000)
  eden space 196608K, 0% used [0x00000000e0000000,0x00000000e0000000,0x00000000ec000000)
  from space 8192K, 100% used [0x00000000ec000000,0x00000000ec800000,0x00000000ec800000)
  to   space 16896K, 0% used [0x00000000f0500000,0x00000000f0500000,0x00000000f1580000)
 ParOldGen       total 83968K, used 20918K [0x00000000a0000000, 0x00000000a5200000, 0x00000000e0000000)
  object space 83968K, 24% used [0x00000000a0000000,0x00000000a146da48,0x00000000a5200000)
 Metaspace       used 34486K, capacity 35220K, committed 35416K, reserved 1079296K
  class space    used 4752K, capacity 4969K, committed 4992K, reserved 1048576K
}
Event: 42.961 GC heap before
{Heap before GC invocations=7 (full 2):
 PSYoungGen      total 204800K, used 8192K [0x00000000e0000000, 0x00000000f1580000, 0x0000000100000000)
  eden space 196608K, 0% used [0x00000000e0000000,0x00000000e0000000,0x00000000ec000000)
  from space 8192K, 100% used [0x00000000ec000000,0x00000000ec800000,0x00000000ec800000)
  to   space 16896K, 0% used [0x00000000f0500000,0x00000000f0500000,0x00000000f1580000)
 ParOldGen       total 83968K, used 20918K [0x00000000a0000000, 0x00000000a5200000, 0x00000000e0000000)
  object space 83968K, 24% used [0x00000000a0000000,0x00000000a146da48,0x00000000a5200000)
 Metaspace       used 34486K, capacity 35220K, committed 35416K, reserved 1079296K
  class space    used 4752K, capacity 4969K, committed 4992K, reserved 1048576K
Event: 43.072 GC heap after
Heap after GC invocations=7 (full 2):
 PSYoungGen      total 204800K, used 0K [0x00000000e0000000, 0x00000000f1580000, 0x0000000100000000)
  eden space 196608K, 0% used [0x00000000e0000000,0x00000000e0000000,0x00000000ec000000)
  from space 8192K, 0% used [0x00000000ec000000,0x00000000ec000000,0x00000000ec800000)
  to   space 16896K, 0% used [0x00000000f0500000,0x00000000f0500000,0x00000000f1580000)
 ParOldGen       total 119296K, used 20365K [0x00000000a0000000, 0x00000000a7480000, 0x00000000e0000000)
  object space 119296K, 17% used [0x00000000a0000000,0x00000000a13e3520,0x00000000a7480000)
 Metaspace       used 34486K, capacity 35220K, committed 35416K, reserved 1079296K
  class space    used 4752K, capacity 4969K, committed 4992K, reserved 1048576K
}

