# JRE version: OpenJDK Runtime Environment (8.0_202-b03) (build 1.8.0_202-release-1483-b03)
# Java VM: OpenJDK 64-Bit Server VM (25.202-b03 mixed mode windows-amd64 compressed oops)
Heap:
 PSYoungGen      total 130048K, used 114725K [0x00000000e0000000, 0x00000000e9900000, 0x0000000100000000)
  eden space 116736K, 98% used [0x00000000e0000000,0x00000000e70097c8,0x00000000e7200000)
  from space 13312K, 0% used [0x00000000e7f00000,0x00000000e7f00000,0x00000000e8c00000)
  to   space 13312K, 0% used [0x00000000e7200000,0x00000000e7200000,0x00000000e7f00000)
 ParOldGen       total 126976K, used 16847K [0x00000000a0000000, 0x00000000a7c00000, 0x00000000e0000000)
  object space 126976K, 13% used [0x00000000a0000000,0x00000000a1073f20,0x00000000a7c00000)
 Metaspace       used 45501K, capacity 46578K, committed 46720K, reserved 1089536K
  class space    used 6125K, capacity 6450K, committed 6528K, reserved 1048576K
GC Heap History (10 events):
Event: 11.269 GC heap before
{Heap before GC invocations=6 (full 1):
 PSYoungGen      total 57344K, used 49152K [0x00000000e0000000, 0x00000000e4000000, 0x0000000100000000)
  eden space 49152K, 100% used [0x00000000e0000000,0x00000000e3000000,0x00000000e3000000)
  from space 8192K, 0% used [0x00000000e3800000,0x00000000e3800000,0x00000000e4000000)
  to   space 8192K, 0% used [0x00000000e3000000,0x00000000e3000000,0x00000000e3800000)
 ParOldGen       total 89088K, used 9975K [0x00000000a0000000, 0x00000000a5700000, 0x00000000e0000000)
  object space 89088K, 11% used [0x00000000a0000000,0x00000000a09bdd80,0x00000000a5700000)
 Metaspace       used 27425K, capacity 27928K, committed 28288K, reserved 1073152K
  class space    used 3736K, capacity 3901K, committed 3968K, reserved 1048576K
Event: 11.278 GC heap after
Heap after GC invocations=6 (full 1):
 PSYoungGen      total 57344K, used 6593K [0x00000000e0000000, 0x00000000e5e80000, 0x0000000100000000)
  eden space 49152K, 0% used [0x00000000e0000000,0x00000000e0000000,0x00000000e3000000)
  from space 8192K, 80% used [0x00000000e3000000,0x00000000e3670788,0x00000000e3800000)
  to   space 12288K, 0% used [0x00000000e5280000,0x00000000e5280000,0x00000000e5e80000)
 ParOldGen       total 89088K, used 9983K [0x00000000a0000000, 0x00000000a5700000, 0x00000000e0000000)
  object space 89088K, 11% used [0x00000000a0000000,0x00000000a09bfd80,0x00000000a5700000)
 Metaspace       used 27425K, capacity 27928K, committed 28288K, reserved 1073152K
  class space    used 3736K, capacity 3901K, committed 3968K, reserved 1048576K
}
Event: 12.374 GC heap before
{Heap before GC invocations=7 (full 1):
 PSYoungGen      total 57344K, used 55745K [0x00000000e0000000, 0x00000000e5e80000, 0x0000000100000000)
  eden space 49152K, 100% used [0x00000000e0000000,0x00000000e3000000,0x00000000e3000000)
  from space 8192K, 80% used [0x00000000e3000000,0x00000000e3670788,0x00000000e3800000)
  to   space 12288K, 0% used [0x00000000e5280000,0x00000000e5280000,0x00000000e5e80000)
 ParOldGen       total 89088K, used 9983K [0x00000000a0000000, 0x00000000a5700000, 0x00000000e0000000)
  object space 89088K, 11% used [0x00000000a0000000,0x00000000a09bfd80,0x00000000a5700000)
 Metaspace       used 30476K, capacity 30942K, committed 31232K, reserved 1077248K
  class space    used 4148K, capacity 4304K, committed 4352K, reserved 1048576K
Event: 12.399 GC heap after
Heap after GC invocations=7 (full 1):
 PSYoungGen      total 84992K, used 6735K [0x00000000e0000000, 0x00000000e6380000, 0x0000000100000000)
  eden space 72704K, 0% used [0x00000000e0000000,0x00000000e0000000,0x00000000e4700000)
  from space 12288K, 54% used [0x00000000e5280000,0x00000000e5913ff8,0x00000000e5e80000)
  to   space 11776K, 0% used [0x00000000e4700000,0x00000000e4700000,0x00000000e5280000)
 ParOldGen       total 89088K, used 9991K [0x00000000a0000000, 0x00000000a5700000, 0x00000000e0000000)
  object space 89088K, 11% used [0x00000000a0000000,0x00000000a09c1d80,0x00000000a5700000)
 Metaspace       used 30476K, capacity 30942K, committed 31232K, reserved 1077248K
  class space    used 4148K, capacity 4304K, committed 4352K, reserved 1048576K
}
Event: 15.577 GC heap before
{Heap before GC invocations=8 (full 1):
 PSYoungGen      total 84992K, used 79439K [0x00000000e0000000, 0x00000000e6380000, 0x0000000100000000)
  eden space 72704K, 100% used [0x00000000e0000000,0x00000000e4700000,0x00000000e4700000)
  from space 12288K, 54% used [0x00000000e5280000,0x00000000e5913ff8,0x00000000e5e80000)
  to   space 11776K, 0% used [0x00000000e4700000,0x00000000e4700000,0x00000000e5280000)
 ParOldGen       total 89088K, used 9991K [0x00000000a0000000, 0x00000000a5700000, 0x00000000e0000000)
  object space 89088K, 11% used [0x00000000a0000000,0x00000000a09c1d80,0x00000000a5700000)
 Metaspace       used 34232K, capacity 34814K, committed 35200K, reserved 1079296K
  class space    used 4701K, capacity 4880K, committed 4992K, reserved 1048576K
Event: 15.622 GC heap after
Heap after GC invocations=8 (full 1):
 PSYoungGen      total 84480K, used 11752K [0x00000000e0000000, 0x00000000e8c00000, 0x0000000100000000)
  eden space 72704K, 0% used [0x00000000e0000000,0x00000000e0000000,0x00000000e4700000)
  from space 11776K, 99% used [0x00000000e4700000,0x00000000e527a010,0x00000000e5280000)
  to   space 13312K, 0% used [0x00000000e7f00000,0x00000000e7f00000,0x00000000e8c00000)
 ParOldGen       total 89088K, used 10099K [0x00000000a0000000, 0x00000000a5700000, 0x00000000e0000000)
  object space 89088K, 11% used [0x00000000a0000000,0x00000000a09dccb8,0x00000000a5700000)
 Metaspace       used 34232K, capacity 34814K, committed 35200K, reserved 1079296K
  class space    used 4701K, capacity 4880K, committed 4992K, reserved 1048576K
}
Event: 15.980 GC heap before
{Heap before GC invocations=9 (full 1):
 PSYoungGen      total 84480K, used 28487K [0x00000000e0000000, 0x00000000e8c00000, 0x0000000100000000)
  eden space 72704K, 23% used [0x00000000e0000000,0x00000000e1057e60,0x00000000e4700000)
  from space 11776K, 99% used [0x00000000e4700000,0x00000000e527a010,0x00000000e5280000)
  to   space 13312K, 0% used [0x00000000e7f00000,0x00000000e7f00000,0x00000000e8c00000)
 ParOldGen       total 89088K, used 10099K [0x00000000a0000000, 0x00000000a5700000, 0x00000000e0000000)
  object space 89088K, 11% used [0x00000000a0000000,0x00000000a09dccb8,0x00000000a5700000)
 Metaspace       used 34726K, capacity 35404K, committed 35456K, reserved 1079296K
  class space    used 4780K, capacity 4988K, committed 4992K, reserved 1048576K
Event: 16.009 GC heap after
Heap after GC invocations=9 (full 1):
 PSYoungGen      total 130048K, used 9870K [0x00000000e0000000, 0x00000000e9900000, 0x0000000100000000)
  eden space 116736K, 0% used [0x00000000e0000000,0x00000000e0000000,0x00000000e7200000)
  from space 13312K, 74% used [0x00000000e7f00000,0x00000000e88a3ab0,0x00000000e8c00000)
  to   space 13312K, 0% used [0x00000000e7200000,0x00000000e7200000,0x00000000e7f00000)
 ParOldGen       total 89088K, used 10107K [0x00000000a0000000, 0x00000000a5700000, 0x00000000e0000000)
  object space 89088K, 11% used [0x00000000a0000000,0x00000000a09decb8,0x00000000a5700000)
 Metaspace       used 34726K, capacity 35404K, committed 35456K, reserved 1079296K
  class space    used 4780K, capacity 4988K, committed 4992K, reserved 1048576K
}
Event: 16.009 GC heap before
{Heap before GC invocations=10 (full 2):
 PSYoungGen      total 130048K, used 9870K [0x00000000e0000000, 0x00000000e9900000, 0x0000000100000000)
  eden space 116736K, 0% used [0x00000000e0000000,0x00000000e0000000,0x00000000e7200000)
  from space 13312K, 74% used [0x00000000e7f00000,0x00000000e88a3ab0,0x00000000e8c00000)
  to   space 13312K, 0% used [0x00000000e7200000,0x00000000e7200000,0x00000000e7f00000)
 ParOldGen       total 89088K, used 10107K [0x00000000a0000000, 0x00000000a5700000, 0x00000000e0000000)
  object space 89088K, 11% used [0x00000000a0000000,0x00000000a09decb8,0x00000000a5700000)
 Metaspace       used 34726K, capacity 35404K, committed 35456K, reserved 1079296K
  class space    used 4780K, capacity 4988K, committed 4992K, reserved 1048576K
Event: 16.189 GC heap after
Heap after GC invocations=10 (full 2):
 PSYoungGen      total 130048K, used 0K [0x00000000e0000000, 0x00000000e9900000, 0x0000000100000000)
  eden space 116736K, 0% used [0x00000000e0000000,0x00000000e0000000,0x00000000e7200000)
  from space 13312K, 0% used [0x00000000e7f00000,0x00000000e7f00000,0x00000000e8c00000)
  to   space 13312K, 0% used [0x00000000e7200000,0x00000000e7200000,0x00000000e7f00000)
 ParOldGen       total 126976K, used 16847K [0x00000000a0000000, 0x00000000a7c00000, 0x00000000e0000000)
  object space 126976K, 13% used [0x00000000a0000000,0x00000000a1073f20,0x00000000a7c00000)
 Metaspace       used 34726K, capacity 35404K, committed 35456K, reserved 1079296K
  class space    used 4780K, capacity 4988K, committed 4992K, reserved 1048576K
}

