# JRE version: OpenJDK Runtime Environment (8.0_202-b03) (build 1.8.0_202-release-1483-b03)
# Java VM: OpenJDK 64-Bit Server VM (25.202-b03 mixed mode windows-amd64 compressed oops)
Heap:
 PSYoungGen      total 175616K, used 66317K [0x00000000e0000000, 0x00000000ec480000, 0x0000000100000000)
  eden space 159232K, 32% used [0x00000000e0000000,0x00000000e32aca80,0x00000000e9b80000)
  from space 16384K, 88% used [0x00000000eb480000,0x00000000ec2969c0,0x00000000ec480000)
  to   space 20992K, 0% used [0x00000000e9b80000,0x00000000e9b80000,0x00000000eb000000)
 ParOldGen       total 132096K, used 33410K [0x00000000a0000000, 0x00000000a8100000, 0x00000000e0000000)
  object space 132096K, 25% used [0x00000000a0000000,0x00000000a20a0968,0x00000000a8100000)
 Metaspace       used 63717K, capacity 65538K, committed 65752K, reserved 1105920K
  class space    used 8398K, capacity 8844K, committed 8960K, reserved 1048576K
GC Heap History (10 events):
Event: 16.790 GC heap before
{Heap before GC invocations=11 (full 2):
 PSYoungGen      total 119296K, used 105984K [0x00000000e0000000, 0x00000000e8b00000, 0x0000000100000000)
  eden space 105984K, 100% used [0x00000000e0000000,0x00000000e6780000,0x00000000e6780000)
  from space 13312K, 0% used [0x00000000e7480000,0x00000000e7480000,0x00000000e8180000)
  to   space 13312K, 0% used [0x00000000e6780000,0x00000000e6780000,0x00000000e7480000)
 ParOldGen       total 132096K, used 16808K [0x00000000a0000000, 0x00000000a8100000, 0x00000000e0000000)
  object space 132096K, 12% used [0x00000000a0000000,0x00000000a106a2c8,0x00000000a8100000)
 Metaspace       used 45138K, capacity 46070K, committed 46296K, reserved 1089536K
  class space    used 6070K, capacity 6359K, committed 6400K, reserved 1048576K
Event: 16.829 GC heap after
Heap after GC invocations=11 (full 2):
 PSYoungGen      total 119296K, used 13302K [0x00000000e0000000, 0x00000000ea380000, 0x0000000100000000)
  eden space 105984K, 0% used [0x00000000e0000000,0x00000000e0000000,0x00000000e6780000)
  from space 13312K, 99% used [0x00000000e6780000,0x00000000e747d9d8,0x00000000e7480000)
  to   space 15360K, 0% used [0x00000000e9480000,0x00000000e9480000,0x00000000ea380000)
 ParOldGen       total 132096K, used 17955K [0x00000000a0000000, 0x00000000a8100000, 0x00000000e0000000)
  object space 132096K, 13% used [0x00000000a0000000,0x00000000a1188f98,0x00000000a8100000)
 Metaspace       used 45138K, capacity 46070K, committed 46296K, reserved 1089536K
  class space    used 6070K, capacity 6359K, committed 6400K, reserved 1048576K
}
Event: 26.732 GC heap before
{Heap before GC invocations=12 (full 2):
 PSYoungGen      total 119296K, used 119286K [0x00000000e0000000, 0x00000000ea380000, 0x0000000100000000)
  eden space 105984K, 100% used [0x00000000e0000000,0x00000000e6780000,0x00000000e6780000)
  from space 13312K, 99% used [0x00000000e6780000,0x00000000e747d9d8,0x00000000e7480000)
  to   space 15360K, 0% used [0x00000000e9480000,0x00000000e9480000,0x00000000ea380000)
 ParOldGen       total 132096K, used 17955K [0x00000000a0000000, 0x00000000a8100000, 0x00000000e0000000)
  object space 132096K, 13% used [0x00000000a0000000,0x00000000a1188f98,0x00000000a8100000)
 Metaspace       used 53996K, capacity 55410K, committed 55512K, reserved 1097728K
  class space    used 7276K, capacity 7666K, committed 7680K, reserved 1048576K
Event: 26.756 GC heap after
Heap after GC invocations=12 (full 2):
 PSYoungGen      total 148480K, used 15342K [0x00000000e0000000, 0x00000000ea600000, 0x0000000100000000)
  eden space 133120K, 0% used [0x00000000e0000000,0x00000000e0000000,0x00000000e8200000)
  from space 15360K, 99% used [0x00000000e9480000,0x00000000ea37bbe0,0x00000000ea380000)
  to   space 18432K, 0% used [0x00000000e8200000,0x00000000e8200000,0x00000000e9400000)
 ParOldGen       total 132096K, used 21512K [0x00000000a0000000, 0x00000000a8100000, 0x00000000e0000000)
  object space 132096K, 16% used [0x00000000a0000000,0x00000000a1502368,0x00000000a8100000)
 Metaspace       used 53996K, capacity 55410K, committed 55512K, reserved 1097728K
  class space    used 7276K, capacity 7666K, committed 7680K, reserved 1048576K
}
Event: 29.940 GC heap before
{Heap before GC invocations=13 (full 2):
 PSYoungGen      total 148480K, used 66150K [0x00000000e0000000, 0x00000000ea600000, 0x0000000100000000)
  eden space 133120K, 38% used [0x00000000e0000000,0x00000000e319dec8,0x00000000e8200000)
  from space 15360K, 99% used [0x00000000e9480000,0x00000000ea37bbe0,0x00000000ea380000)
  to   space 18432K, 0% used [0x00000000e8200000,0x00000000e8200000,0x00000000e9400000)
 ParOldGen       total 132096K, used 21512K [0x00000000a0000000, 0x00000000a8100000, 0x00000000e0000000)
  object space 132096K, 16% used [0x00000000a0000000,0x00000000a1502368,0x00000000a8100000)
 Metaspace       used 57105K, capacity 58850K, committed 58968K, reserved 1099776K
  class space    used 7772K, capacity 8204K, committed 8320K, reserved 1048576K
Event: 29.963 GC heap after
Heap after GC invocations=13 (full 2):
 PSYoungGen      total 151552K, used 17968K [0x00000000e0000000, 0x00000000ec880000, 0x0000000100000000)
  eden space 133120K, 0% used [0x00000000e0000000,0x00000000e0000000,0x00000000e8200000)
  from space 18432K, 97% used [0x00000000e8200000,0x00000000e938c328,0x00000000e9400000)
  to   space 20480K, 0% used [0x00000000eb480000,0x00000000eb480000,0x00000000ec880000)
 ParOldGen       total 132096K, used 21520K [0x00000000a0000000, 0x00000000a8100000, 0x00000000e0000000)
  object space 132096K, 16% used [0x00000000a0000000,0x00000000a1504368,0x00000000a8100000)
 Metaspace       used 57105K, capacity 58850K, committed 58968K, reserved 1099776K
  class space    used 7772K, capacity 8204K, committed 8320K, reserved 1048576K
}
Event: 29.963 GC heap before
{Heap before GC invocations=14 (full 3):
 PSYoungGen      total 151552K, used 17968K [0x00000000e0000000, 0x00000000ec880000, 0x0000000100000000)
  eden space 133120K, 0% used [0x00000000e0000000,0x00000000e0000000,0x00000000e8200000)
  from space 18432K, 97% used [0x00000000e8200000,0x00000000e938c328,0x00000000e9400000)
  to   space 20480K, 0% used [0x00000000eb480000,0x00000000eb480000,0x00000000ec880000)
 ParOldGen       total 132096K, used 21520K [0x00000000a0000000, 0x00000000a8100000, 0x00000000e0000000)
  object space 132096K, 16% used [0x00000000a0000000,0x00000000a1504368,0x00000000a8100000)
 Metaspace       used 57105K, capacity 58850K, committed 58968K, reserved 1099776K
  class space    used 7772K, capacity 8204K, committed 8320K, reserved 1048576K
Event: 30.286 GC heap after
Heap after GC invocations=14 (full 3):
 PSYoungGen      total 151552K, used 0K [0x00000000e0000000, 0x00000000ec880000, 0x0000000100000000)
  eden space 133120K, 0% used [0x00000000e0000000,0x00000000e0000000,0x00000000e8200000)
  from space 18432K, 0% used [0x00000000e8200000,0x00000000e8200000,0x00000000e9400000)
  to   space 20480K, 0% used [0x00000000eb480000,0x00000000eb480000,0x00000000ec880000)
 ParOldGen       total 132096K, used 33402K [0x00000000a0000000, 0x00000000a8100000, 0x00000000e0000000)
  object space 132096K, 25% used [0x00000000a0000000,0x00000000a209e968,0x00000000a8100000)
 Metaspace       used 57021K, capacity 58592K, committed 58968K, reserved 1099776K
  class space    used 7745K, capacity 8157K, committed 8320K, reserved 1048576K
}
Event: 45.854 GC heap before
{Heap before GC invocations=15 (full 3):
 PSYoungGen      total 151552K, used 133120K [0x00000000e0000000, 0x00000000ec880000, 0x0000000100000000)
  eden space 133120K, 100% used [0x00000000e0000000,0x00000000e8200000,0x00000000e8200000)
  from space 18432K, 0% used [0x00000000e8200000,0x00000000e8200000,0x00000000e9400000)
  to   space 20480K, 0% used [0x00000000eb480000,0x00000000eb480000,0x00000000ec880000)
 ParOldGen       total 132096K, used 33402K [0x00000000a0000000, 0x00000000a8100000, 0x00000000e0000000)
  object space 132096K, 25% used [0x00000000a0000000,0x00000000a209e968,0x00000000a8100000)
 Metaspace       used 63217K, capacity 65008K, committed 65112K, reserved 1105920K
  class space    used 8331K, capacity 8805K, committed 8832K, reserved 1048576K
Event: 45.880 GC heap after
Heap after GC invocations=15 (full 3):
 PSYoungGen      total 175616K, used 14426K [0x00000000e0000000, 0x00000000ec480000, 0x0000000100000000)
  eden space 159232K, 0% used [0x00000000e0000000,0x00000000e0000000,0x00000000e9b80000)
  from space 16384K, 88% used [0x00000000eb480000,0x00000000ec2969c0,0x00000000ec480000)
  to   space 20992K, 0% used [0x00000000e9b80000,0x00000000e9b80000,0x00000000eb000000)
 ParOldGen       total 132096K, used 33410K [0x00000000a0000000, 0x00000000a8100000, 0x00000000e0000000)
  object space 132096K, 25% used [0x00000000a0000000,0x00000000a20a0968,0x00000000a8100000)
 Metaspace       used 63217K, capacity 65008K, committed 65112K, reserved 1105920K
  class space    used 8331K, capacity 8805K, committed 8832K, reserved 1048576K
}

