# JRE version: OpenJDK Runtime Environment (8.0_202-b03) (build 1.8.0_202-release-1483-b03)
# Java VM: OpenJDK 64-Bit Server VM (25.202-b03 mixed mode windows-amd64 compressed oops)
Heap:
 PSYoungGen      total 462848K, used 419306K [0x00000000e0000000, 0x0000000100000000, 0x0000000100000000)
  eden space 411136K, 100% used [0x00000000e0000000,0x00000000f9180000,0x00000000f9180000)
  from space 51712K, 15% used [0x00000000f9180000,0x00000000f997aba8,0x00000000fc400000)
  to   space 52224K, 1% used [0x00000000fcd00000,0x00000000fcdd0000,0x0000000100000000)
 ParOldGen       total 339968K, used 136070K [0x00000000a0000000, 0x00000000b4c00000, 0x00000000e0000000)
  object space 339968K, 40% used [0x00000000a0000000,0x00000000a84e5920,0x00000000b4c00000)
 Metaspace       used 103278K, capacity 107586K, committed 107648K, reserved 1142784K
  class space    used 13007K, capacity 13917K, committed 13952K, reserved 1048576K
GC Heap History (10 events):
Event: 381.702 GC heap before
{Heap before GC invocations=37 (full 4):
 PSYoungGen      total 454144K, used 412353K [0x00000000e0000000, 0x00000000ff880000, 0x0000000100000000)
  eden space 392704K, 100% used [0x00000000e0000000,0x00000000f7f80000,0x00000000f7f80000)
  from space 61440K, 31% used [0x00000000fbc80000,0x00000000fcfb0498,0x00000000ff880000)
  to   space 61952K, 0% used [0x00000000f7f80000,0x00000000f7f80000,0x00000000fbc00000)
 ParOldGen       total 339968K, used 95534K [0x00000000a0000000, 0x00000000b4c00000, 0x00000000e0000000)
  object space 339968K, 28% used [0x00000000a0000000,0x00000000a5d4bbd0,0x00000000b4c00000)
 Metaspace       used 103159K, capacity 107392K, committed 107648K, reserved 1142784K
  class space    used 13003K, capacity 13916K, committed 13952K, reserved 1048576K
Event: 381.738 GC heap after
Heap after GC invocations=37 (full 4):
 PSYoungGen      total 454656K, used 22003K [0x00000000e0000000, 0x00000000ffb80000, 0x0000000100000000)
  eden space 392704K, 0% used [0x00000000e0000000,0x00000000e0000000,0x00000000f7f80000)
  from space 61952K, 35% used [0x00000000f7f80000,0x00000000f94fcf18,0x00000000fbc00000)
  to   space 59392K, 0% used [0x00000000fc180000,0x00000000fc180000,0x00000000ffb80000)
 ParOldGen       total 339968K, used 96718K [0x00000000a0000000, 0x00000000b4c00000, 0x00000000e0000000)
  object space 339968K, 28% used [0x00000000a0000000,0x00000000a5e73930,0x00000000b4c00000)
 Metaspace       used 103159K, capacity 107392K, committed 107648K, reserved 1142784K
  class space    used 13003K, capacity 13916K, committed 13952K, reserved 1048576K
}
Event: 383.503 GC heap before
{Heap before GC invocations=38 (full 4):
 PSYoungGen      total 454656K, used 414707K [0x00000000e0000000, 0x00000000ffb80000, 0x0000000100000000)
  eden space 392704K, 100% used [0x00000000e0000000,0x00000000f7f80000,0x00000000f7f80000)
  from space 61952K, 35% used [0x00000000f7f80000,0x00000000f94fcf18,0x00000000fbc00000)
  to   space 59392K, 0% used [0x00000000fc180000,0x00000000fc180000,0x00000000ffb80000)
 ParOldGen       total 339968K, used 96718K [0x00000000a0000000, 0x00000000b4c00000, 0x00000000e0000000)
  object space 339968K, 28% used [0x00000000a0000000,0x00000000a5e73930,0x00000000b4c00000)
 Metaspace       used 103170K, capacity 107392K, committed 107648K, reserved 1142784K
  class space    used 13004K, capacity 13916K, committed 13952K, reserved 1048576K
Event: 383.525 GC heap after
Heap after GC invocations=38 (full 4):
 PSYoungGen      total 460800K, used 16146K [0x00000000e0000000, 0x00000000ffa80000, 0x0000000100000000)
  eden space 402432K, 0% used [0x00000000e0000000,0x00000000e0000000,0x00000000f8900000)
  from space 58368K, 27% used [0x00000000fc180000,0x00000000fd144b28,0x00000000ffa80000)
  to   space 57856K, 0% used [0x00000000f8900000,0x00000000f8900000,0x00000000fc180000)
 ParOldGen       total 339968K, used 100551K [0x00000000a0000000, 0x00000000b4c00000, 0x00000000e0000000)
  object space 339968K, 29% used [0x00000000a0000000,0x00000000a6231f00,0x00000000b4c00000)
 Metaspace       used 103170K, capacity 107392K, committed 107648K, reserved 1142784K
  class space    used 13004K, capacity 13916K, committed 13952K, reserved 1048576K
}
Event: 385.490 GC heap before
{Heap before GC invocations=39 (full 4):
 PSYoungGen      total 460800K, used 418578K [0x00000000e0000000, 0x00000000ffa80000, 0x0000000100000000)
  eden space 402432K, 100% used [0x00000000e0000000,0x00000000f8900000,0x00000000f8900000)
  from space 58368K, 27% used [0x00000000fc180000,0x00000000fd144b28,0x00000000ffa80000)
  to   space 57856K, 0% used [0x00000000f8900000,0x00000000f8900000,0x00000000fc180000)
 ParOldGen       total 339968K, used 100551K [0x00000000a0000000, 0x00000000b4c00000, 0x00000000e0000000)
  object space 339968K, 29% used [0x00000000a0000000,0x00000000a6231f00,0x00000000b4c00000)
 Metaspace       used 103195K, capacity 107458K, committed 107648K, reserved 1142784K
  class space    used 13004K, capacity 13917K, committed 13952K, reserved 1048576K
Event: 385.543 GC heap after
Heap after GC invocations=39 (full 4):
 PSYoungGen      total 460288K, used 24876K [0x00000000e0000000, 0x00000000ff980000, 0x0000000100000000)
  eden space 402432K, 0% used [0x00000000e0000000,0x00000000e0000000,0x00000000f8900000)
  from space 57856K, 42% used [0x00000000f8900000,0x00000000fa14b358,0x00000000fc180000)
  to   space 54784K, 0% used [0x00000000fc400000,0x00000000fc400000,0x00000000ff980000)
 ParOldGen       total 339968K, used 102859K [0x00000000a0000000, 0x00000000b4c00000, 0x00000000e0000000)
  object space 339968K, 30% used [0x00000000a0000000,0x00000000a6472ea0,0x00000000b4c00000)
 Metaspace       used 103195K, capacity 107458K, committed 107648K, reserved 1142784K
  class space    used 13004K, capacity 13917K, committed 13952K, reserved 1048576K
}
Event: 387.136 GC heap before
{Heap before GC invocations=40 (full 4):
 PSYoungGen      total 460288K, used 427308K [0x00000000e0000000, 0x00000000ff980000, 0x0000000100000000)
  eden space 402432K, 100% used [0x00000000e0000000,0x00000000f8900000,0x00000000f8900000)
  from space 57856K, 42% used [0x00000000f8900000,0x00000000fa14b358,0x00000000fc180000)
  to   space 54784K, 0% used [0x00000000fc400000,0x00000000fc400000,0x00000000ff980000)
 ParOldGen       total 339968K, used 102859K [0x00000000a0000000, 0x00000000b4c00000, 0x00000000e0000000)
  object space 339968K, 30% used [0x00000000a0000000,0x00000000a6472ea0,0x00000000b4c00000)
 Metaspace       used 103230K, capacity 107458K, committed 107648K, reserved 1142784K
  class space    used 13004K, capacity 13917K, committed 13952K, reserved 1048576K
Event: 387.194 GC heap after
Heap after GC invocations=40 (full 4):
 PSYoungGen      total 463360K, used 24075K [0x00000000e0000000, 0x00000000ff700000, 0x0000000100000000)
  eden space 411136K, 0% used [0x00000000e0000000,0x00000000e0000000,0x00000000f9180000)
  from space 52224K, 46% used [0x00000000fc400000,0x00000000fdb82f20,0x00000000ff700000)
  to   space 51712K, 0% used [0x00000000f9180000,0x00000000f9180000,0x00000000fc400000)
 ParOldGen       total 339968K, used 114425K [0x00000000a0000000, 0x00000000b4c00000, 0x00000000e0000000)
  object space 339968K, 33% used [0x00000000a0000000,0x00000000a6fbe7d8,0x00000000b4c00000)
 Metaspace       used 103230K, capacity 107458K, committed 107648K, reserved 1142784K
  class space    used 13004K, capacity 13917K, committed 13952K, reserved 1048576K
}
Event: 388.970 GC heap before
{Heap before GC invocations=41 (full 4):
 PSYoungGen      total 463360K, used 435211K [0x00000000e0000000, 0x00000000ff700000, 0x0000000100000000)
  eden space 411136K, 100% used [0x00000000e0000000,0x00000000f9180000,0x00000000f9180000)
  from space 52224K, 46% used [0x00000000fc400000,0x00000000fdb82f20,0x00000000ff700000)
  to   space 51712K, 0% used [0x00000000f9180000,0x00000000f9180000,0x00000000fc400000)
 ParOldGen       total 339968K, used 114425K [0x00000000a0000000, 0x00000000b4c00000, 0x00000000e0000000)
  object space 339968K, 33% used [0x00000000a0000000,0x00000000a6fbe7d8,0x00000000b4c00000)
 Metaspace       used 103254K, capacity 107522K, committed 107648K, reserved 1142784K
  class space    used 13005K, capacity 13917K, committed 13952K, reserved 1048576K
Event: 389.013 GC heap after
Heap after GC invocations=41 (full 4):
 PSYoungGen      total 462848K, used 8170K [0x00000000e0000000, 0x0000000100000000, 0x0000000100000000)
  eden space 411136K, 0% used [0x00000000e0000000,0x00000000e0000000,0x00000000f9180000)
  from space 51712K, 15% used [0x00000000f9180000,0x00000000f997aba8,0x00000000fc400000)
  to   space 52224K, 0% used [0x00000000fcd00000,0x00000000fcd00000,0x0000000100000000)
 ParOldGen       total 339968K, used 135082K [0x00000000a0000000, 0x00000000b4c00000, 0x00000000e0000000)
  object space 339968K, 39% used [0x00000000a0000000,0x00000000a83ea8f0,0x00000000b4c00000)
 Metaspace       used 103254K, capacity 107522K, committed 107648K, reserved 1142784K
  class space    used 13005K, capacity 13917K, committed 13952K, reserved 1048576K
}

